# JRE version: OpenJDK Runtime Environment GraalVM CE 22.3.0 (17.0.5+8) (build 17.0.5+8-jvmci-22.3-b08)
# Java VM: OpenJDK 64-Bit Server VM GraalVM CE 22.3.0 (17.0.5+8-jvmci-22.3-b08, mixed mode, sharing, tiered, jvmci, jvmci compiler, compressed oops, compressed class ptrs, parallel gc, linux-amd64)
GC Precious Log:
 CPUs: 8 total, 1 available
 Memory: 1024M
 Large Page Support: Disabled
 NUMA Support: Disabled
 Compressed Oops: Enabled (32-bit)
 Alignments: Space 512K, Generation 512K, Heap 2M
 Heap Min Capacity: 100M
 Heap Initial Capacity: 100M
 Heap Max Capacity: 512M
 Pre-touch: Disabled
 Parallel Workers: 1
Heap:
 PSYoungGen      total 53760K, used 36351K [0x00000000f5580000, 0x00000000f9e00000, 0x0000000100000000)
  eden space 36352K, 99% used [0x00000000f5580000,0x00000000f78ffff8,0x00000000f7900000)
  from space 17408K, 0% used [0x00000000f8b00000,0x00000000f8b00000,0x00000000f9c00000)
  to   space 17920K, 0% used [0x00000000f7900000,0x00000000f7900000,0x00000000f8a80000)
 ParOldGen       total 349696K, used 349695K [0x00000000e0000000, 0x00000000f5580000, 0x00000000f5580000)
  object space 349696K, 99% used [0x00000000e0000000,0x00000000f557fe90,0x00000000f5580000)
 Metaspace       used 60413K, committed 61568K, reserved 1105920K
  class space    used 6030K, committed 6464K, reserved 1048576K
GC Heap History (20 events):
Event: 339.110 GC heap before
{Heap before GC invocations=252 (full 126):
 PSYoungGen      total 53760K, used 36352K [0x00000000f5580000, 0x00000000f9e00000, 0x0000000100000000)
  eden space 36352K, 100% used [0x00000000f5580000,0x00000000f7900000,0x00000000f7900000)
  from space 17408K, 0% used [0x00000000f8b00000,0x00000000f8b00000,0x00000000f9c00000)
  to   space 17920K, 0% used [0x00000000f7900000,0x00000000f7900000,0x00000000f8a80000)
 ParOldGen       total 349696K, used 349690K [0x00000000e0000000, 0x00000000f5580000, 0x00000000f5580000)
  object space 349696K, 99% used [0x00000000e0000000,0x00000000f557e908,0x00000000f5580000)
 Metaspace       used 60411K, committed 61568K, reserved 1105920K
  class space    used 6029K, committed 6464K, reserved 1048576K
}
Event: 340.870 GC heap after
{Heap after GC invocations=252 (full 126):
 PSYoungGen      total 54272K, used 36351K [0x00000000f5580000, 0x00000000f9e00000, 0x0000000100000000)
  eden space 36352K, 99% used [0x00000000f5580000,0x00000000f78fffe0,0x00000000f7900000)
  from space 17920K, 0% used [0x00000000f7900000,0x00000000f7900000,0x00000000f8a80000)
  to   space 17408K, 0% used [0x00000000f8b00000,0x00000000f8b00000,0x00000000f9c00000)
 ParOldGen       total 349696K, used 349690K [0x00000000e0000000, 0x00000000f5580000, 0x00000000f5580000)
  object space 349696K, 99% used [0x00000000e0000000,0x00000000f557e908,0x00000000f5580000)
 Metaspace       used 60411K, committed 61568K, reserved 1105920K
  class space    used 6029K, committed 6464K, reserved 1048576K
}
Event: 340.910 GC heap before
{Heap before GC invocations=253 (full 127):
 PSYoungGen      total 54272K, used 36351K [0x00000000f5580000, 0x00000000f9e00000, 0x0000000100000000)
  eden space 36352K, 99% used [0x00000000f5580000,0x00000000f78ffff0,0x00000000f7900000)
  from space 17920K, 0% used [0x00000000f7900000,0x00000000f7900000,0x00000000f8a80000)
  to   space 17408K, 0% used [0x00000000f8b00000,0x00000000f8b00000,0x00000000f9c00000)
 ParOldGen       total 349696K, used 349690K [0x00000000e0000000, 0x00000000f5580000, 0x00000000f5580000)
  object space 349696K, 99% used [0x00000000e0000000,0x00000000f557e908,0x00000000f5580000)
 Metaspace       used 60411K, committed 61568K, reserved 1105920K
  class space    used 6029K, committed 6464K, reserved 1048576K
}
Event: 342.762 GC heap after
{Heap after GC invocations=253 (full 127):
 PSYoungGen      total 53760K, used 36351K [0x00000000f5580000, 0x00000000f9e00000, 0x0000000100000000)
  eden space 36352K, 99% used [0x00000000f5580000,0x00000000f78ffff0,0x00000000f7900000)
  from space 17408K, 0% used [0x00000000f8b00000,0x00000000f8b00000,0x00000000f9c00000)
  to   space 17920K, 0% used [0x00000000f7900000,0x00000000f7900000,0x00000000f8a80000)
 ParOldGen       total 349696K, used 349690K [0x00000000e0000000, 0x00000000f5580000, 0x00000000f5580000)
  object space 349696K, 99% used [0x00000000e0000000,0x00000000f557e908,0x00000000f5580000)
 Metaspace       used 60411K, committed 61568K, reserved 1105920K
  class space    used 6029K, committed 6464K, reserved 1048576K
}
Event: 342.763 GC heap before
{Heap before GC invocations=254 (full 128):
 PSYoungGen      total 53760K, used 36352K [0x00000000f5580000, 0x00000000f9e00000, 0x0000000100000000)
  eden space 36352K, 100% used [0x00000000f5580000,0x00000000f7900000,0x00000000f7900000)
  from space 17408K, 0% used [0x00000000f8b00000,0x00000000f8b00000,0x00000000f9c00000)
  to   space 17920K, 0% used [0x00000000f7900000,0x00000000f7900000,0x00000000f8a80000)
 ParOldGen       total 349696K, used 349695K [0x00000000e0000000, 0x00000000f5580000, 0x00000000f5580000)
  object space 349696K, 99% used [0x00000000e0000000,0x00000000f557feb8,0x00000000f5580000)
 Metaspace       used 60413K, committed 61568K, reserved 1105920K
  class space    used 6030K, committed 6464K, reserved 1048576K
}
Event: 344.727 GC heap after
{Heap after GC invocations=254 (full 128):
 PSYoungGen      total 54272K, used 36351K [0x00000000f5580000, 0x00000000f9e00000, 0x0000000100000000)
  eden space 36352K, 99% used [0x00000000f5580000,0x00000000f78fffa8,0x00000000f7900000)
  from space 17920K, 0% used [0x00000000f7900000,0x00000000f7900000,0x00000000f8a80000)
  to   space 17408K, 0% used [0x00000000f8b00000,0x00000000f8b00000,0x00000000f9c00000)
 ParOldGen       total 349696K, used 349694K [0x00000000e0000000, 0x00000000f5580000, 0x00000000f5580000)
  object space 349696K, 99% used [0x00000000e0000000,0x00000000f557f918,0x00000000f5580000)
 Metaspace       used 60413K, committed 61568K, reserved 1105920K
  class space    used 6030K, committed 6464K, reserved 1048576K
}
Event: 344.727 GC heap before
{Heap before GC invocations=255 (full 129):
 PSYoungGen      total 54272K, used 36351K [0x00000000f5580000, 0x00000000f9e00000, 0x0000000100000000)
  eden space 36352K, 99% used [0x00000000f5580000,0x00000000f78ffff8,0x00000000f7900000)
  from space 17920K, 0% used [0x00000000f7900000,0x00000000f7900000,0x00000000f8a80000)
  to   space 17408K, 0% used [0x00000000f8b00000,0x00000000f8b00000,0x00000000f9c00000)
 ParOldGen       total 349696K, used 349694K [0x00000000e0000000, 0x00000000f5580000, 0x00000000f5580000)
  object space 349696K, 99% used [0x00000000e0000000,0x00000000f557f918,0x00000000f5580000)
 Metaspace       used 60413K, committed 61568K, reserved 1105920K
  class space    used 6030K, committed 6464K, reserved 1048576K
}
Event: 346.779 GC heap after
{Heap after GC invocations=255 (full 129):
 PSYoungGen      total 53760K, used 36351K [0x00000000f5580000, 0x00000000f9e00000, 0x0000000100000000)
  eden space 36352K, 99% used [0x00000000f5580000,0x00000000f78fffc0,0x00000000f7900000)
  from space 17408K, 0% used [0x00000000f8b00000,0x00000000f8b00000,0x00000000f9c00000)
  to   space 17920K, 0% used [0x00000000f7900000,0x00000000f7900000,0x00000000f8a80000)
 ParOldGen       total 349696K, used 349694K [0x00000000e0000000, 0x00000000f5580000, 0x00000000f5580000)
  object space 349696K, 99% used [0x00000000e0000000,0x00000000f557f918,0x00000000f5580000)
 Metaspace       used 60413K, committed 61568K, reserved 1105920K
  class space    used 6030K, committed 6464K, reserved 1048576K
}
Event: 346.781 GC heap before
{Heap before GC invocations=256 (full 130):
 PSYoungGen      total 53760K, used 36351K [0x00000000f5580000, 0x00000000f9e00000, 0x0000000100000000)
  eden space 36352K, 99% used [0x00000000f5580000,0x00000000f78fffd0,0x00000000f7900000)
  from space 17408K, 0% used [0x00000000f8b00000,0x00000000f8b00000,0x00000000f9c00000)
  to   space 17920K, 0% used [0x00000000f7900000,0x00000000f7900000,0x00000000f8a80000)
 ParOldGen       total 349696K, used 349694K [0x00000000e0000000, 0x00000000f5580000, 0x00000000f5580000)
  object space 349696K, 99% used [0x00000000e0000000,0x00000000f557f918,0x00000000f5580000)
 Metaspace       used 60413K, committed 61568K, reserved 1105920K
  class space    used 6030K, committed 6464K, reserved 1048576K
}
Event: 348.576 GC heap after
{Heap after GC invocations=256 (full 130):
 PSYoungGen      total 54272K, used 36351K [0x00000000f5580000, 0x00000000f9e00000, 0x0000000100000000)
  eden space 36352K, 99% used [0x00000000f5580000,0x00000000f78fffd0,0x00000000f7900000)
  from space 17920K, 0% used [0x00000000f7900000,0x00000000f7900000,0x00000000f8a80000)
  to   space 17408K, 0% used [0x00000000f8b00000,0x00000000f8b00000,0x00000000f9c00000)
 ParOldGen       total 349696K, used 349694K [0x00000000e0000000, 0x00000000f5580000, 0x00000000f5580000)
  object space 349696K, 99% used [0x00000000e0000000,0x00000000f557f918,0x00000000f5580000)
 Metaspace       used 60413K, committed 61568K, reserved 1105920K
  class space    used 6030K, committed 6464K, reserved 1048576K
}
Event: 348.577 GC heap before
{Heap before GC invocations=257 (full 131):
 PSYoungGen      total 54272K, used 36352K [0x00000000f5580000, 0x00000000f9e00000, 0x0000000100000000)
  eden space 36352K, 100% used [0x00000000f5580000,0x00000000f7900000,0x00000000f7900000)
  from space 17920K, 0% used [0x00000000f7900000,0x00000000f7900000,0x00000000f8a80000)
  to   space 17408K, 0% used [0x00000000f8b00000,0x00000000f8b00000,0x00000000f9c00000)
 ParOldGen       total 349696K, used 349695K [0x00000000e0000000, 0x00000000f5580000, 0x00000000f5580000)
  object space 349696K, 99% used [0x00000000e0000000,0x00000000f557fff8,0x00000000f5580000)
 Metaspace       used 60413K, committed 61568K, reserved 1105920K
  class space    used 6030K, committed 6464K, reserved 1048576K
}
Event: 350.457 GC heap after
{Heap after GC invocations=257 (full 131):
 PSYoungGen      total 53760K, used 36351K [0x00000000f5580000, 0x00000000f9e00000, 0x0000000100000000)
  eden space 36352K, 99% used [0x00000000f5580000,0x00000000f78fffa8,0x00000000f7900000)
  from space 17408K, 0% used [0x00000000f8b00000,0x00000000f8b00000,0x00000000f9c00000)
  to   space 17920K, 0% used [0x00000000f7900000,0x00000000f7900000,0x00000000f8a80000)
 ParOldGen       total 349696K, used 349693K [0x00000000e0000000, 0x00000000f5580000, 0x00000000f5580000)
  object space 349696K, 99% used [0x00000000e0000000,0x00000000f557f6b0,0x00000000f5580000)
 Metaspace       used 60413K, committed 61568K, reserved 1105920K
  class space    used 6030K, committed 6464K, reserved 1048576K
}
Event: 350.457 GC heap before
{Heap before GC invocations=258 (full 132):
 PSYoungGen      total 53760K, used 36351K [0x00000000f5580000, 0x00000000f9e00000, 0x0000000100000000)
  eden space 36352K, 99% used [0x00000000f5580000,0x00000000f78ffff8,0x00000000f7900000)
  from space 17408K, 0% used [0x00000000f8b00000,0x00000000f8b00000,0x00000000f9c00000)
  to   space 17920K, 0% used [0x00000000f7900000,0x00000000f7900000,0x00000000f8a80000)
 ParOldGen       total 349696K, used 349693K [0x00000000e0000000, 0x00000000f5580000, 0x00000000f5580000)
  object space 349696K, 99% used [0x00000000e0000000,0x00000000f557f6b0,0x00000000f5580000)
 Metaspace       used 60413K, committed 61568K, reserved 1105920K
  class space    used 6030K, committed 6464K, reserved 1048576K
}
Event: 352.419 GC heap after
{Heap after GC invocations=258 (full 132):
 PSYoungGen      total 54272K, used 36351K [0x00000000f5580000, 0x00000000f9e00000, 0x0000000100000000)
  eden space 36352K, 99% used [0x00000000f5580000,0x00000000f78ffff8,0x00000000f7900000)
  from space 17920K, 0% used [0x00000000f7900000,0x00000000f7900000,0x00000000f8a80000)
  to   space 17408K, 0% used [0x00000000f8b00000,0x00000000f8b00000,0x00000000f9c00000)
 ParOldGen       total 349696K, used 349693K [0x00000000e0000000, 0x00000000f5580000, 0x00000000f5580000)
  object space 349696K, 99% used [0x00000000e0000000,0x00000000f557f6b0,0x00000000f5580000)
 Metaspace       used 60413K, committed 61568K, reserved 1105920K
  class space    used 6030K, committed 6464K, reserved 1048576K
}
Event: 352.422 GC heap before
{Heap before GC invocations=259 (full 133):
 PSYoungGen      total 54272K, used 36351K [0x00000000f5580000, 0x00000000f9e00000, 0x0000000100000000)
  eden space 36352K, 99% used [0x00000000f5580000,0x00000000f78ffff8,0x00000000f7900000)
  from space 17920K, 0% used [0x00000000f7900000,0x00000000f7900000,0x00000000f8a80000)
  to   space 17408K, 0% used [0x00000000f8b00000,0x00000000f8b00000,0x00000000f9c00000)
 ParOldGen       total 349696K, used 349695K [0x00000000e0000000, 0x00000000f5580000, 0x00000000f5580000)
  object space 349696K, 99% used [0x00000000e0000000,0x00000000f557ff10,0x00000000f5580000)
 Metaspace       used 60413K, committed 61568K, reserved 1105920K
  class space    used 6030K, committed 6464K, reserved 1048576K
}
Event: 354.643 GC heap after
{Heap after GC invocations=259 (full 133):
 PSYoungGen      total 53760K, used 36351K [0x00000000f5580000, 0x00000000f9e00000, 0x0000000100000000)
  eden space 36352K, 99% used [0x00000000f5580000,0x00000000f78ffe60,0x00000000f7900000)
  from space 17408K, 0% used [0x00000000f8b00000,0x00000000f8b00000,0x00000000f9c00000)
  to   space 17920K, 0% used [0x00000000f7900000,0x00000000f7900000,0x00000000f8a80000)
 ParOldGen       total 349696K, used 349695K [0x00000000e0000000, 0x00000000f5580000, 0x00000000f5580000)
  object space 349696K, 99% used [0x00000000e0000000,0x00000000f557feb0,0x00000000f5580000)
 Metaspace       used 60413K, committed 61568K, reserved 1105920K
  class space    used 6030K, committed 6464K, reserved 1048576K
}
Event: 354.643 GC heap before
{Heap before GC invocations=260 (full 134):
 PSYoungGen      total 53760K, used 36351K [0x00000000f5580000, 0x00000000f9e00000, 0x0000000100000000)
  eden space 36352K, 99% used [0x00000000f5580000,0x00000000f78ffff0,0x00000000f7900000)
  from space 17408K, 0% used [0x00000000f8b00000,0x00000000f8b00000,0x00000000f9c00000)
  to   space 17920K, 0% used [0x00000000f7900000,0x00000000f7900000,0x00000000f8a80000)
 ParOldGen       total 349696K, used 349695K [0x00000000e0000000, 0x00000000f5580000, 0x00000000f5580000)
  object space 349696K, 99% used [0x00000000e0000000,0x00000000f557feb0,0x00000000f5580000)
 Metaspace       used 60413K, committed 61568K, reserved 1105920K
  class space    used 6030K, committed 6464K, reserved 1048576K
}
Event: 356.529 GC heap after
{Heap after GC invocations=260 (full 134):
 PSYoungGen      total 54272K, used 36351K [0x00000000f5580000, 0x00000000f9e00000, 0x0000000100000000)
  eden space 36352K, 99% used [0x00000000f5580000,0x00000000f78fff70,0x00000000f7900000)
  from space 17920K, 0% used [0x00000000f7900000,0x00000000f7900000,0x00000000f8a80000)
  to   space 17408K, 0% used [0x00000000f8b00000,0x00000000f8b00000,0x00000000f9c00000)
 ParOldGen       total 349696K, used 349695K [0x00000000e0000000, 0x00000000f5580000, 0x00000000f5580000)
  object space 349696K, 99% used [0x00000000e0000000,0x00000000f557fe90,0x00000000f5580000)
 Metaspace       used 60413K, committed 61568K, reserved 1105920K
  class space    used 6030K, committed 6464K, reserved 1048576K
}
Event: 356.529 GC heap before
{Heap before GC invocations=261 (full 135):
 PSYoungGen      total 54272K, used 36351K [0x00000000f5580000, 0x00000000f9e00000, 0x0000000100000000)
  eden space 36352K, 99% used [0x00000000f5580000,0x00000000f78fff70,0x00000000f7900000)
  from space 17920K, 0% used [0x00000000f7900000,0x00000000f7900000,0x00000000f8a80000)
  to   space 17408K, 0% used [0x00000000f8b00000,0x00000000f8b00000,0x00000000f9c00000)
 ParOldGen       total 349696K, used 349695K [0x00000000e0000000, 0x00000000f5580000, 0x00000000f5580000)
  object space 349696K, 99% used [0x00000000e0000000,0x00000000f557fe90,0x00000000f5580000)
 Metaspace       used 60413K, committed 61568K, reserved 1105920K
  class space    used 6030K, committed 6464K, reserved 1048576K
}
Event: 358.312 GC heap after
{Heap after GC invocations=261 (full 135):
 PSYoungGen      total 53760K, used 36351K [0x00000000f5580000, 0x00000000f9e00000, 0x0000000100000000)
  eden space 36352K, 99% used [0x00000000f5580000,0x00000000f78fff70,0x00000000f7900000)
  from space 17408K, 0% used [0x00000000f8b00000,0x00000000f8b00000,0x00000000f9c00000)
  to   space 17920K, 0% used [0x00000000f7900000,0x00000000f7900000,0x00000000f8a80000)
 ParOldGen       total 349696K, used 349695K [0x00000000e0000000, 0x00000000f5580000, 0x00000000f5580000)
  object space 349696K, 99% used [0x00000000e0000000,0x00000000f557fe90,0x00000000f5580000)
 Metaspace       used 60413K, committed 61568K, reserved 1105920K
  class space    used 6030K, committed 6464K, reserved 1048576K
}

